# JRE version: OpenJDK Runtime Environment AdoptOpenJDK (11.0.9.1+1) (build 11.0.9.1+1)
# Java VM: OpenJDK 64-Bit Server VM AdoptOpenJDK (11.0.9.1+1, mixed mode, tiered, compressed oops, g1 gc, windows-amd64)
Heap:
 garbage-first heap   total 57344K, used 13476K [0x00000000c8e00000, 0x0000000100000000)
  region size 1024K, 6 young (6144K), 3 survivors (3072K)
 Metaspace       used 35436K, capacity 36134K, committed 36172K, reserved 1081344K
  class space    used 4108K, capacity 4395K, committed 4428K, reserved 1048576K
GC Heap History (18 events):
Event: 2.631 GC heap before
{Heap before GC invocations=0 (full 0):
 garbage-first heap   total 57344K, used 14336K [0x00000000c8e00000, 0x0000000100000000)
  region size 1024K, 14 young (14336K), 0 survivors (0K)
 Metaspace       used 9612K, capacity 9807K, committed 9984K, reserved 1058816K
  class space    used 865K, capacity 909K, committed 1024K, reserved 1048576K
}
Event: 2.646 GC heap after
{Heap after GC invocations=1 (full 0):
 garbage-first heap   total 57344K, used 5381K [0x00000000c8e00000, 0x0000000100000000)
  region size 1024K, 2 young (2048K), 2 survivors (2048K)
 Metaspace       used 9612K, capacity 9807K, committed 9984K, reserved 1058816K
  class space    used 865K, capacity 909K, committed 1024K, reserved 1048576K
}
Event: 3.283 GC heap before
{Heap before GC invocations=1 (full 0):
 garbage-first heap   total 57344K, used 13573K [0x00000000c8e00000, 0x0000000100000000)
  region size 1024K, 10 young (10240K), 2 survivors (2048K)
 Metaspace       used 11363K, capacity 11569K, committed 11648K, reserved 1060864K
  class space    used 1080K, capacity 1137K, committed 1152K, reserved 1048576K
}
Event: 3.291 GC heap after
{Heap after GC invocations=2 (full 0):
 garbage-first heap   total 57344K, used 5818K [0x00000000c8e00000, 0x0000000100000000)
  region size 1024K, 1 young (1024K), 1 survivors (1024K)
 Metaspace       used 11363K, capacity 11569K, committed 11648K, reserved 1060864K
  class space    used 1080K, capacity 1137K, committed 1152K, reserved 1048576K
}
Event: 4.097 GC heap before
{Heap before GC invocations=2 (full 0):
 garbage-first heap   total 57344K, used 24250K [0x00000000c8e00000, 0x0000000100000000)
  region size 1024K, 19 young (19456K), 1 survivors (1024K)
 Metaspace       used 16187K, capacity 16563K, committed 16768K, reserved 1064960K
  class space    used 1689K, capacity 1835K, committed 1920K, reserved 1048576K
}
Event: 4.103 GC heap after
{Heap after GC invocations=3 (full 0):
 garbage-first heap   total 57344K, used 6863K [0x00000000c8e00000, 0x0000000100000000)
  region size 1024K, 2 young (2048K), 2 survivors (2048K)
 Metaspace       used 16187K, capacity 16563K, committed 16768K, reserved 1064960K
  class space    used 1689K, capacity 1835K, committed 1920K, reserved 1048576K
}
Event: 4.743 GC heap before
{Heap before GC invocations=3 (full 0):
 garbage-first heap   total 57344K, used 26319K [0x00000000c8e00000, 0x0000000100000000)
  region size 1024K, 22 young (22528K), 2 survivors (2048K)
 Metaspace       used 19694K, capacity 20143K, committed 20352K, reserved 1067008K
  class space    used 2185K, capacity 2349K, committed 2432K, reserved 1048576K
}
Event: 4.751 GC heap after
{Heap after GC invocations=4 (full 0):
 garbage-first heap   total 57344K, used 7783K [0x00000000c8e00000, 0x0000000100000000)
  region size 1024K, 3 young (3072K), 3 survivors (3072K)
 Metaspace       used 19694K, capacity 20143K, committed 20352K, reserved 1067008K
  class space    used 2185K, capacity 2349K, committed 2432K, reserved 1048576K
}
Event: 4.902 GC heap before
{Heap before GC invocations=4 (full 0):
 garbage-first heap   total 57344K, used 13927K [0x00000000c8e00000, 0x0000000100000000)
  region size 1024K, 10 young (10240K), 3 survivors (3072K)
 Metaspace       used 20734K, capacity 21205K, committed 21248K, reserved 1069056K
  class space    used 2329K, capacity 2528K, committed 2560K, reserved 1048576K
}
Event: 4.908 GC heap after
{Heap after GC invocations=5 (full 0):
 garbage-first heap   total 57344K, used 8185K [0x00000000c8e00000, 0x0000000100000000)
  region size 1024K, 3 young (3072K), 3 survivors (3072K)
 Metaspace       used 20734K, capacity 21205K, committed 21248K, reserved 1069056K
  class space    used 2329K, capacity 2528K, committed 2560K, reserved 1048576K
}
Event: 5.412 GC heap before
{Heap before GC invocations=6 (full 0):
 garbage-first heap   total 57344K, used 31737K [0x00000000c8e00000, 0x0000000100000000)
  region size 1024K, 26 young (26624K), 3 survivors (3072K)
 Metaspace       used 23409K, capacity 23936K, committed 24064K, reserved 1071104K
  class space    used 2764K, capacity 2992K, committed 3072K, reserved 1048576K
}
Event: 5.420 GC heap after
{Heap after GC invocations=7 (full 0):
 garbage-first heap   total 57344K, used 9066K [0x00000000c8e00000, 0x0000000100000000)
  region size 1024K, 3 young (3072K), 3 survivors (3072K)
 Metaspace       used 23409K, capacity 23936K, committed 24064K, reserved 1071104K
  class space    used 2764K, capacity 2992K, committed 3072K, reserved 1048576K
}
Event: 5.968 GC heap before
{Heap before GC invocations=7 (full 0):
 garbage-first heap   total 57344K, used 34666K [0x00000000c8e00000, 0x0000000100000000)
  region size 1024K, 29 young (29696K), 3 survivors (3072K)
 Metaspace       used 27047K, capacity 27661K, committed 27776K, reserved 1073152K
  class space    used 3119K, capacity 3359K, committed 3456K, reserved 1048576K
}
Event: 5.975 GC heap after
{Heap after GC invocations=8 (full 0):
 garbage-first heap   total 57344K, used 10302K [0x00000000c8e00000, 0x0000000100000000)
  region size 1024K, 3 young (3072K), 3 survivors (3072K)
 Metaspace       used 27047K, capacity 27661K, committed 27776K, reserved 1073152K
  class space    used 3119K, capacity 3359K, committed 3456K, reserved 1048576K
}
Event: 6.616 GC heap before
{Heap before GC invocations=8 (full 0):
 garbage-first heap   total 57344K, used 37950K [0x00000000c8e00000, 0x0000000100000000)
  region size 1024K, 30 young (30720K), 3 survivors (3072K)
 Metaspace       used 30920K, capacity 31599K, committed 31744K, reserved 1077248K
  class space    used 3515K, capacity 3799K, committed 3840K, reserved 1048576K
}
Event: 6.626 GC heap after
{Heap after GC invocations=9 (full 0):
 garbage-first heap   total 57344K, used 10918K [0x00000000c8e00000, 0x0000000100000000)
  region size 1024K, 2 young (2048K), 2 survivors (2048K)
 Metaspace       used 30920K, capacity 31599K, committed 31744K, reserved 1077248K
  class space    used 3515K, capacity 3799K, committed 3840K, reserved 1048576K
}
Event: 7.436 GC heap before
{Heap before GC invocations=9 (full 0):
 garbage-first heap   total 57344K, used 34470K [0x00000000c8e00000, 0x0000000100000000)
  region size 1024K, 26 young (26624K), 2 survivors (2048K)
 Metaspace       used 35146K, capacity 35812K, committed 35840K, reserved 1081344K
  class space    used 4071K, capacity 4350K, committed 4352K, reserved 1048576K
}
Event: 7.442 GC heap after
{Heap after GC invocations=10 (full 0):
 garbage-first heap   total 57344K, used 11428K [0x00000000c8e00000, 0x0000000100000000)
  region size 1024K, 3 young (3072K), 3 survivors (3072K)
 Metaspace       used 35146K, capacity 35812K, committed 35840K, reserved 1081344K
  class space    used 4071K, capacity 4350K, committed 4352K, reserved 1048576K
}

